[INFO ] [2021-10-07 21:00:32,453] User_Register_01: Verify go to HomePage success
[INFO ] [2021-10-07 21:00:32,552] User_Register_02: Click to RegisterLink
[INFO ] [2021-10-07 21:00:34,012] User_Register_03: Verify title Register Page display
[INFO ] [2021-10-07 21:00:34,080] User_Register_04: Click to Male Gender radio button
[INFO ] [2021-10-07 21:00:34,352] User_Register_05: Input FirstName textbox 'Automation' 
[INFO ] [2021-10-07 21:00:34,423] User_Register_06: Input LastName textbox 'Testing' 
[INFO ] [2021-10-07 21:00:34,494] User_Register_07: Input Email textboxtesting979956@hotmail.net
[INFO ] [2021-10-07 21:00:34,566] User_Register_08: Input Password textbox123123
[INFO ] [2021-10-07 21:00:34,629] User_Register_09: Input ConfirmPassword textbox123123
[INFO ] [2021-10-07 21:00:34,693] User_Register_10: Click Register button
[INFO ] [2021-10-07 21:00:36,544] User_Register_11: Verify message Register success display
[INFO ] [2021-10-07 21:00:36,605] User_Register_12: Click logout button
[INFO ] [2021-10-07 21:00:38,597] User_Register_13: Verify Sider Homepage display
[INFO ] [2021-10-07 21:00:38,669] User_Login_01: Go to Login screen
[INFO ] [2021-10-07 21:00:39,131] User_Login_02: Input Email textboxtesting979956@hotmail.net
[INFO ] [2021-10-07 21:00:39,211] User_Login_03: Input Password textbox123123
[INFO ] [2021-10-07 21:00:39,273] User_Login_03: click Login button
[INFO ] [2021-10-07 21:00:41,683] User_Login_04: Verify Slide Homepage display
[INFO ] [2021-10-07 21:25:43,765] User_Register_01: Verify go to HomePage success
[INFO ] [2021-10-07 21:25:43,866] User_Register_02: Click to RegisterLink
[INFO ] [2021-10-07 21:25:45,301] User_Register_03: Verify title Register Page display
[INFO ] [2021-10-07 21:25:45,329] User_Register_01: Verify go to HomePage success
[INFO ] [2021-10-07 21:25:45,371] User_Register_04: Click to Male Gender radio button
[INFO ] [2021-10-07 21:25:45,415] User_Register_02: Click to RegisterLink
[INFO ] [2021-10-07 21:25:45,470] User_Register_05: Input FirstName textbox 'Automation' 
[INFO ] [2021-10-07 21:25:45,595] User_Register_06: Input LastName textbox 'Testing' 
[INFO ] [2021-10-07 21:25:45,708] User_Register_07: Input Email textbox'testing413286@hotmail.net'
[INFO ] [2021-10-07 21:25:45,840] User_Register_08: Input Password textbox '123123'
[INFO ] [2021-10-07 21:25:45,955] User_Register_09: Input ConfirmPassword textbox '123123'
[INFO ] [2021-10-07 21:25:46,082] User_Register_10: Click Register button
[INFO ] [2021-10-07 21:25:46,905] User_Register_03: Verify title Register Page display
[INFO ] [2021-10-07 21:25:46,966] User_Register_04: Click to Male Gender radio button
[INFO ] [2021-10-07 21:25:47,257] User_Register_05: Input FirstName textbox 'Automation' 
[INFO ] [2021-10-07 21:25:47,334] User_Register_06: Input LastName textbox 'Testing' 
[INFO ] [2021-10-07 21:25:47,399] User_Register_07: Input Email textbox'testing827786@hotmail.net'
[INFO ] [2021-10-07 21:25:47,467] User_Register_08: Input Password textbox '123123'
[INFO ] [2021-10-07 21:25:47,537] User_Register_09: Input ConfirmPassword textbox '123123'
[INFO ] [2021-10-07 21:25:47,574] User_Register_11: Verify message Register success display
[INFO ] [2021-10-07 21:25:47,604] User_Register_10: Click Register button
[INFO ] [2021-10-07 21:25:47,628] User_Register_12: Click logout button
[INFO ] [2021-10-07 21:25:49,982] User_Register_11: Verify message Register success display
[INFO ] [2021-10-07 21:25:49,983] User_Register_13: Verify Sider Homepage display
[INFO ] [2021-10-07 21:25:50,055] User_Register_12: Click logout button
[INFO ] [2021-10-07 21:25:50,065] User_Login_01: Go to Login screen
[INFO ] [2021-10-07 21:25:50,541] User_Login_02: Input Email textbox 'testing413286@hotmail.net'
[INFO ] [2021-10-07 21:25:50,734] User_Login_03: Input Password textbox '123123'
[INFO ] [2021-10-07 21:25:50,887] User_Login_03: click Login button
[INFO ] [2021-10-07 21:25:52,539] User_Login_04: Verify Slide Homepage display
[INFO ] [2021-10-07 21:25:52,565] User_Register_13: Verify Sider Homepage display
[INFO ] [2021-10-07 21:25:52,693] User_Login_01: Go to Login screen
[INFO ] [2021-10-07 21:25:53,942] User_Login_02: Input Email textbox 'testing827786@hotmail.net'
[INFO ] [2021-10-07 21:25:54,012] User_Login_03: Input Password textbox '123123'
[INFO ] [2021-10-07 21:25:54,074] User_Login_03: click Login button
[INFO ] [2021-10-07 21:25:54,965] User_Login_04: Verify Slide Homepage display
[INFO ] [2021-10-09 08:34:09,157] User_Register_01: Verify go to HomePage success
[INFO ] [2021-10-09 08:34:09,322] User_Register_02: Click to RegisterLink
[INFO ] [2021-10-09 08:34:10,856] User_Register_03: Verify title Register Page display
[INFO ] [2021-10-09 08:34:10,926] User_Register_04: Click to Male Gender radio button
[INFO ] [2021-10-09 08:34:11,227] User_Register_05: Input FirstName textbox 'Automation' 
[INFO ] [2021-10-09 08:34:11,324] User_Register_06: Input LastName textbox 'Testing' 
[INFO ] [2021-10-09 08:34:11,402] User_Register_07: Input Email textbox'testing125245@hotmail.net'
[INFO ] [2021-10-09 08:34:11,488] User_Register_08: Input Password textbox '123123'
[INFO ] [2021-10-09 08:34:11,565] User_Register_09: Input ConfirmPassword textbox '123123'
[INFO ] [2021-10-09 08:34:11,628] User_Register_10: Click Register button
[INFO ] [2021-10-09 08:34:13,841] User_Register_11: Verify message Register success display
[INFO ] [2021-10-09 08:34:13,905] User_Register_12: Click logout button
[INFO ] [2021-10-09 08:34:15,421] User_Register_13: Verify Sider Homepage display
[INFO ] [2021-10-09 08:34:15,489] User_Login_01: Go to Login screen
[INFO ] [2021-10-09 08:34:16,014] User_Login_02: Input Email textbox 'testing125245@hotmail.net'
[INFO ] [2021-10-09 08:34:16,101] User_Login_03: Input Password textbox '123123'
[INFO ] [2021-10-09 08:34:16,176] User_Login_03: click Login button
[INFO ] [2021-10-09 08:34:17,753] User_Login_04: Verify Slide Homepage display
[INFO ] [2021-10-09 08:36:03,034] User_Register_01: Verify go to HomePage success
[INFO ] [2021-10-09 08:36:03,169] User_Register_02: Click to RegisterLink
[INFO ] [2021-10-09 08:36:04,531] User_Register_03: Verify title Register Page display
[INFO ] [2021-10-09 08:36:04,610] User_Register_04: Click to Male Gender radio button
[INFO ] [2021-10-09 08:36:04,899] User_Register_05: Input FirstName textbox 'Automation' 
[INFO ] [2021-10-09 08:36:04,977] User_Register_06: Input LastName textbox 'Testing' 
[INFO ] [2021-10-09 08:36:05,062] User_Register_07: Input Email textbox'testing255741@hotmail.net'
[INFO ] [2021-10-09 08:36:05,171] User_Register_08: Input Password textbox '123123'
[INFO ] [2021-10-09 08:36:05,251] User_Register_09: Input ConfirmPassword textbox '123123'
[INFO ] [2021-10-09 08:36:05,312] User_Register_10: Click Register button
[INFO ] [2021-10-09 08:36:06,194] User_Register_11: Verify message Register success display
[INFO ] [2021-10-09 08:36:06,261] User_Register_12: Click logout button
[INFO ] [2021-10-09 08:36:08,732] User_Register_13: Verify Sider Homepage display
[INFO ] [2021-10-09 08:36:08,809] User_Login_01: Go to Login screen
[INFO ] [2021-10-09 08:36:09,985] User_Login_02: Input Email textbox 'testing255741@hotmail.net'
[INFO ] [2021-10-09 08:36:10,072] User_Login_03: Input Password textbox '123123'
[INFO ] [2021-10-09 08:36:10,138] User_Login_03: click Login button
[INFO ] [2021-10-09 08:36:12,444] User_Login_04: Verify Slide Homepage display
[INFO ] [2021-10-09 08:36:12,518]  -------------------------- FAILED -------------------------- 
[INFO ] [2021-10-09 08:39:09,062] User_Register_01: Verify go to HomePage success
[INFO ] [2021-10-09 08:39:09,156] User_Register_02: Click to RegisterLink
[INFO ] [2021-10-09 08:39:10,538] User_Register_03: Verify title Register Page display
[INFO ] [2021-10-09 08:39:10,603] User_Register_04: Click to Male Gender radio button
[INFO ] [2021-10-09 08:39:10,864] User_Register_05: Input FirstName textbox 'Automation' 
[INFO ] [2021-10-09 08:39:10,967] User_Register_06: Input LastName textbox 'Testing' 
[INFO ] [2021-10-09 08:39:11,038] User_Register_07: Input Email textbox'testing187676@hotmail.net'
[INFO ] [2021-10-09 08:39:11,136] User_Register_08: Input Password textbox '123123'
[INFO ] [2021-10-09 08:39:11,210] User_Register_09: Input ConfirmPassword textbox '123123'
[INFO ] [2021-10-09 08:39:11,273] User_Register_10: Click Register button
[INFO ] [2021-10-09 08:39:12,252] User_Register_11: Verify message Register success display
[INFO ] [2021-10-09 08:39:12,312] User_Register_12: Click logout button
[INFO ] [2021-10-09 08:39:13,794] User_Register_13: Verify Sider Homepage display
[INFO ] [2021-10-09 08:39:13,866] User_Login_01: Go to Login screen
[INFO ] [2021-10-09 08:39:15,021] User_Login_02: Input Email textbox 'testing187676@hotmail.net'
[INFO ] [2021-10-09 08:39:15,109] User_Login_03: Input Password textbox '123123'
[INFO ] [2021-10-09 08:39:15,181] User_Login_03: click Login button
[INFO ] [2021-10-09 08:39:16,758] User_Login_04: Verify Slide Homepage display
[INFO ] [2021-10-09 08:39:16,829]  -------------------------- FAILED -------------------------- 
[INFO ] [2021-10-09 08:46:54,383] ---------- START delete file in folder ----------
[INFO ] [2021-10-09 08:46:54,384] ---------- END delete file in folder ----------
[INFO ] [2021-10-09 08:46:59,753] User_Register_01: Verify go to HomePage success
[INFO ] [2021-10-09 08:46:59,849] User_Register_02: Click to RegisterLink
[INFO ] [2021-10-09 08:47:01,161] User_Register_03: Verify title Register Page display
[INFO ] [2021-10-09 08:47:01,219] User_Register_04: Click to Male Gender radio button
[INFO ] [2021-10-09 08:47:01,487] User_Register_05: Input FirstName textbox 'Automation' 
[INFO ] [2021-10-09 08:47:01,551] User_Register_06: Input LastName textbox 'Testing' 
[INFO ] [2021-10-09 08:47:01,620] User_Register_07: Input Email textbox'testing406930@hotmail.net'
[INFO ] [2021-10-09 08:47:01,689] User_Register_08: Input Password textbox '123123'
[INFO ] [2021-10-09 08:47:01,754] User_Register_09: Input ConfirmPassword textbox '123123'
[INFO ] [2021-10-09 08:47:01,849] User_Register_10: Click Register button
[INFO ] [2021-10-09 08:47:04,016] User_Register_11: Verify message Register success display
[INFO ] [2021-10-09 08:47:04,082] User_Register_12: Click logout button
[INFO ] [2021-10-09 08:47:05,659] User_Register_13: Verify Sider Homepage display
[INFO ] [2021-10-09 08:47:05,730] User_Login_01: Go to Login screen
[INFO ] [2021-10-09 08:47:06,268] User_Login_02: Input Email textbox 'testing406930@hotmail.net'
[INFO ] [2021-10-09 08:47:06,357] User_Login_03: Input Password textbox '123123'
[INFO ] [2021-10-09 08:47:06,420] User_Login_03: click Login button
[INFO ] [2021-10-09 08:47:07,922] User_Login_04: Verify Slide Homepage display
[INFO ] [2021-10-09 08:47:07,986]  -------------------------- FAILED -------------------------- 
[INFO ] [2021-10-09 11:11:53,691] ---------- START delete file in folder ----------
[INFO ] [2021-10-09 11:11:53,692] ---------- END delete file in folder ----------
[INFO ] [2021-10-09 11:11:59,666] User_Register_01: Verify go to HomePage success
[INFO ] [2021-10-09 11:11:59,745] User_Register_02: Click to RegisterLink
[INFO ] [2021-10-09 11:12:00,305] User_Register_03: Verify title Register Page display
[INFO ] [2021-10-09 11:12:00,354] User_Register_04: Click to Male Gender radio button
[INFO ] [2021-10-09 11:12:00,602] User_Register_05: Input FirstName textbox 'Automation' 
[INFO ] [2021-10-09 11:12:00,664] User_Register_06: Input LastName textbox 'Testing' 
[INFO ] [2021-10-09 11:12:00,722] User_Register_07: Input Email textbox'testing986712@hotmail.net'
[INFO ] [2021-10-09 11:12:00,777] User_Register_08: Input Password textbox '123123'
[INFO ] [2021-10-09 11:12:00,822] User_Register_09: Input ConfirmPassword textbox '123123'
[INFO ] [2021-10-09 11:12:00,864] User_Register_10: Click Register button
[INFO ] [2021-10-09 11:12:02,889] User_Register_11: Verify message Register success display
[INFO ] [2021-10-09 11:12:02,929] User_Register_12: Click logout button
[INFO ] [2021-10-09 11:12:04,417] User_Register_13: Verify Sider Homepage display
[INFO ] [2021-10-09 11:12:04,465] User_Login_01: Go to Login screen
[INFO ] [2021-10-09 11:12:05,468] User_Login_02: Input Email textbox 'testing986712@hotmail.net'
[INFO ] [2021-10-09 11:12:05,524] User_Login_03: Input Password textbox '123123'
[INFO ] [2021-10-09 11:12:05,567] User_Login_03: click Login button
[INFO ] [2021-10-09 11:12:07,712] User_Login_04: Verify Slide Homepage display
[INFO ] [2021-10-09 11:12:07,749]  -------------------------- FAILED -------------------------- 
[INFO ] [2021-10-09 11:16:35,691] ---------- START delete file in folder ----------
[INFO ] [2021-10-09 11:16:35,692] ---------- END delete file in folder ----------
[INFO ] [2021-10-09 11:16:41,283] User_Register_01: Verify go to HomePage success
[INFO ] [2021-10-09 11:16:41,370] User_Register_02: Click to RegisterLink
[INFO ] [2021-10-09 11:16:42,036] User_Register_03: Verify title Register Page display
[INFO ] [2021-10-09 11:16:42,085] User_Register_04: Click to Male Gender radio button
[INFO ] [2021-10-09 11:16:42,346] User_Register_05: Input FirstName textbox 'Automation' 
[INFO ] [2021-10-09 11:16:42,406] User_Register_06: Input LastName textbox 'Testing' 
[INFO ] [2021-10-09 11:16:42,455] User_Register_07: Input Email textbox'testing697224@hotmail.net'
[INFO ] [2021-10-09 11:16:42,506] User_Register_08: Input Password textbox '123123'
[INFO ] [2021-10-09 11:16:42,553] User_Register_09: Input ConfirmPassword textbox '123123'
[INFO ] [2021-10-09 11:16:42,596] User_Register_10: Click Register button
[INFO ] [2021-10-09 11:16:44,820] User_Register_11: Verify message Register success display
[INFO ] [2021-10-09 11:16:44,857] User_Register_12: Click logout button
[INFO ] [2021-10-09 11:16:45,613] User_Register_13: Verify Sider Homepage display
[INFO ] [2021-10-09 11:16:45,661] User_Login_01: Go to Login screen
[INFO ] [2021-10-09 11:16:46,088] User_Login_02: Input Email textbox 'testing697224@hotmail.net'
[INFO ] [2021-10-09 11:16:46,162] User_Login_03: Input Password textbox '123123'
[INFO ] [2021-10-09 11:16:46,223] User_Login_03: click Login button
[INFO ] [2021-10-09 11:16:48,622] User_Login_04: Verify Slide Homepage display
[INFO ] [2021-10-09 11:16:48,676]  -------------------------- FAILED -------------------------- 
[INFO ] [2021-10-09 22:10:54,618] ---------- START delete file in folder ----------
[INFO ] [2021-10-09 22:10:54,622] ---------- END delete file in folder ----------
[INFO ] [2021-10-09 22:11:01,478] User_Register_01: Verify go to HomePage success
[INFO ] [2021-10-09 22:11:01,601] User_Register_02: Click to RegisterLink
[INFO ] [2021-10-09 22:11:02,241] User_Register_03: Verify title Register Page display
[INFO ] [2021-10-09 22:11:02,310] User_Register_04: Click to Male Gender radio button
[INFO ] [2021-10-09 22:11:02,587] User_Register_05: Input FirstName textbox 'Automation' 
[INFO ] [2021-10-09 22:11:02,676] User_Register_06: Input LastName textbox 'Testing' 
[INFO ] [2021-10-09 22:11:02,759] User_Register_07: Input Email textbox'testing467257@hotmail.net'
[INFO ] [2021-10-09 22:11:02,842] User_Register_08: Input Password textbox '123123'
[INFO ] [2021-10-09 22:11:02,913] User_Register_09: Input ConfirmPassword textbox '123123'
[INFO ] [2021-10-09 22:11:02,981] User_Register_10: Click Register button
[INFO ] [2021-10-09 22:11:05,059] User_Register_11: Verify message Register success display
[INFO ] [2021-10-09 22:11:05,131] User_Register_12: Click logout button
[INFO ] [2021-10-09 22:11:06,847] User_Register_13: Verify Sider Homepage display
[INFO ] [2021-10-09 22:11:06,921] User_Login_01: Go to Login screen
[INFO ] [2021-10-09 22:11:07,444] User_Login_02: Input Email textbox 'testing467257@hotmail.net'
[INFO ] [2021-10-09 22:11:07,533] User_Login_03: Input Password textbox '123123'
[INFO ] [2021-10-09 22:11:07,603] User_Login_03: click Login button
[INFO ] [2021-10-09 22:11:09,905] User_Login_04: Verify Slide Homepage display
[INFO ] [2021-10-09 22:11:09,978]  -------------------------- FAILED -------------------------- 
[INFO ] [2021-10-09 22:11:09,983] OS name = windows 10
[INFO ] [2021-10-09 22:11:09,983] Driver instance name = windows 10
[INFO ] [2021-10-10 10:54:06,612] Init Browser 'firefox' and Open appUrl 'https://demo.nopcommerce.com/'
[INFO ] [2021-10-10 10:54:10,555] Pre-condition - Step_01: Set Cookies Login
[INFO ] [2021-10-10 10:54:12,600] User_Login_01: Verify Sider Homepage display
[INFO ] [2021-10-10 10:54:12,642]  -------------------------- PASSED -------------------------- 
[INFO ] [2021-10-10 10:54:27,950] OS name = windows 10
[INFO ] [2021-10-10 10:54:27,950] Driver instance name = windows 10
[INFO ] [2021-10-10 10:55:17,524] Init Browser 'firefox' and Open appUrl 'https://demo.nopcommerce.com/'
[INFO ] [2021-10-10 10:55:21,711] Pre-condition - Step_01: Set Cookies Login
[INFO ] [2021-10-10 10:55:25,450] User_Login_01: Verify Sider Homepage display
[INFO ] [2021-10-10 10:55:25,495]  -------------------------- PASSED -------------------------- 
[INFO ] [2021-10-10 10:55:31,980] OS name = windows 10
[INFO ] [2021-10-10 10:55:31,980] Driver instance name = windows 10
[INFO ] [2021-10-11 07:27:07,279] User_Register_01: Verify go to HomePage success
[INFO ] [2021-10-11 07:27:07,350] User_Register_02: Click to RegisterLink
[INFO ] [2021-10-11 07:27:08,856] User_Register_03: Verify title Register Page display
[INFO ] [2021-10-11 07:27:08,907]  -------------------------- PASSED -------------------------- 
[INFO ] [2021-10-11 07:27:08,907] User_Register_04: Click to Male Gender radio button
[INFO ] [2021-10-11 07:27:09,171] User_Register_05: Input FirstName textbox 'Automation' 
[INFO ] [2021-10-11 07:27:09,227] User_Register_06: Input LastName textbox 'Testing' 
[INFO ] [2021-10-11 07:27:09,285] User_Register_07: Input Email textbox'testing414298@hotmail.net'
[INFO ] [2021-10-11 07:27:09,355] User_Register_08: Input Password textbox '123123'
[INFO ] [2021-10-11 07:27:09,417] User_Register_09: Input ConfirmPassword textbox '123123'
[INFO ] [2021-10-11 07:27:09,484] User_Register_10: Click Register button
[INFO ] [2021-10-11 07:27:10,984] User_Register_11: Verify message Register success display
[INFO ] [2021-10-11 07:27:11,043]  -------------------------- PASSED -------------------------- 
[INFO ] [2021-10-11 07:27:11,043] User_Register_12: Click logout button
[INFO ] [2021-10-11 07:27:13,413] User_Register_13: Verify Sider Homepage display
[INFO ] [2021-10-11 07:27:13,472]  -------------------------- PASSED -------------------------- 
[INFO ] [2021-10-11 07:27:13,483] User_Login_01: Go to Login screen
[INFO ] [2021-10-11 07:27:14,740] User_Login_02: Input Email textbox 'testing414298@hotmail.net'
[INFO ] [2021-10-11 07:27:14,812] User_Login_03: Input Password textbox '123123'
[INFO ] [2021-10-11 07:27:14,880] User_Login_03: click Login button
[INFO ] [2021-10-11 07:27:15,760] User_Login_04: Verify Slide Homepage display
[INFO ] [2021-10-11 07:27:15,815]  -------------------------- PASSED -------------------------- 
[INFO ] [2021-10-11 07:27:15,816] OS name = windows 10
[INFO ] [2021-10-11 07:27:15,816] Driver instance name = windows 10
